2024-01-11 14:05:43,404 [main] INFO coverfox - launching browser 
2024-01-11 14:05:50,044 [main] INFO coverfox - Click on gender button 
2024-01-11 14:05:50,817 [main] INFO coverfox - Click on Next button 
2024-01-11 14:05:51,396 [main] INFO coverfox - handeling dropDown 
2024-01-11 14:05:52,754 [main] INFO coverfox - Click on next button 
2024-01-11 14:05:52,893 [main] INFO coverfox - Entering pin code 
2024-01-11 14:05:53,426 [main] INFO coverfox - entering mobile number 
2024-01-11 14:05:53,592 [main] INFO coverfox - Click on continue button 
2024-01-11 14:05:53,714 [main] INFO coverfox - Click on filter button 
2024-01-11 14:05:58,833 [main] INFO coverfox - Click on checkBox 
2024-01-11 14:05:59,437 [main] INFO coverfox - Click on apply button 
2024-01-11 14:06:07,153 [main] INFO coverfox - Fetching result or adity birla from text 
2024-01-11 14:06:14,221 [main] INFO coverfox - Fetching result of aditya birla from banners 
2024-01-11 14:06:24,265 [main] INFO coverfox - TC2 is pass 
2024-01-11 14:26:39,208 [main] INFO coverfox - launching browser 
2024-01-11 14:26:44,121 [main] INFO coverfox - Click on gender button 
2024-01-11 14:26:44,881 [main] INFO coverfox - Click on Next button 
2024-01-11 14:26:45,477 [main] INFO coverfox - handeling dropDown 
2024-01-11 14:26:46,430 [main] INFO coverfox - Click on next button 
2024-01-11 14:26:46,507 [main] INFO coverfox - Entering pin code 
2024-01-11 14:28:59,458 [main] INFO coverfox - launching browser 
2024-01-11 14:29:04,490 [main] INFO coverfox - Click on gender button 
2024-01-11 14:29:05,261 [main] INFO coverfox - Click on Next button 
2024-01-11 14:29:05,826 [main] INFO coverfox - handeling dropDown 
2024-01-11 14:29:06,618 [main] INFO coverfox - Click on next button 
2024-01-11 14:29:06,676 [main] INFO coverfox - Entering pin code 
2024-01-11 14:29:07,656 [main] INFO coverfox - entering mobile number 
2024-01-11 14:29:07,833 [main] INFO coverfox - Click on continue button 
2024-01-11 14:29:07,919 [main] INFO coverfox - Click on filter button 
2024-01-11 14:29:13,071 [main] INFO coverfox - Click on checkBox 
2024-01-11 14:29:13,682 [main] INFO coverfox - Click on apply button 
2024-01-11 14:29:21,346 [main] INFO coverfox - Fetching result or adity birla from text 
2024-01-11 14:29:28,406 [main] INFO coverfox - Fetching result of aditya birla from banners 
2024-01-11 14:29:38,439 [main] INFO coverfox - TC2 is pass 
2024-01-12 13:18:02,150 [main] INFO coverfox - launching browser 
2024-01-12 13:18:08,952 [main] INFO coverfox - Click on gender button 
2024-01-12 13:18:09,576 [main] INFO coverfox - Click on Next button 
2024-01-12 13:18:10,215 [main] INFO coverfox - handeling dropDown 
2024-01-12 13:18:11,213 [main] INFO coverfox - Click on next button 
2024-01-12 13:18:11,305 [main] INFO coverfox - Entering pin code 
2024-01-12 13:18:12,629 [main] INFO coverfox - entering mobile number 
2024-01-12 13:18:12,765 [main] INFO coverfox - Click on continue button 
2024-01-12 13:18:12,845 [main] INFO coverfox - Click on filter button 
2024-01-12 13:18:17,957 [main] INFO coverfox - Click on checkBox 
2024-01-12 13:18:18,558 [main] INFO coverfox - Click on apply button 
2024-01-12 13:18:26,246 [main] INFO coverfox - Fetching result or adity birla from text 
2024-01-12 13:18:33,305 [main] INFO coverfox - Fetching result of aditya birla from banners 
2024-01-12 13:18:43,346 [main] INFO coverfox - TC2 is pass 
