2024-01-11 14:05:43,404 - coverfox -INFO - launching browser 
2024-01-11 14:05:50,044 - coverfox -INFO - Click on gender button 
2024-01-11 14:05:50,817 - coverfox -INFO - Click on Next button 
2024-01-11 14:05:51,396 - coverfox -INFO - handeling dropDown 
2024-01-11 14:05:52,754 - coverfox -INFO - Click on next button 
2024-01-11 14:05:52,893 - coverfox -INFO - Entering pin code 
2024-01-11 14:05:53,426 - coverfox -INFO - entering mobile number 
2024-01-11 14:05:53,592 - coverfox -INFO - Click on continue button 
2024-01-11 14:05:53,714 - coverfox -INFO - Click on filter button 
2024-01-11 14:05:58,833 - coverfox -INFO - Click on checkBox 
2024-01-11 14:05:59,437 - coverfox -INFO - Click on apply button 
2024-01-11 14:06:07,153 - coverfox -INFO - Fetching result or adity birla from text 
2024-01-11 14:06:14,221 - coverfox -INFO - Fetching result of aditya birla from banners 
2024-01-11 14:06:24,265 - coverfox -INFO - TC2 is pass 
2024-01-11 14:26:39,208 - coverfox -INFO - launching browser 
2024-01-11 14:26:44,121 - coverfox -INFO - Click on gender button 
2024-01-11 14:26:44,881 - coverfox -INFO - Click on Next button 
2024-01-11 14:26:45,477 - coverfox -INFO - handeling dropDown 
2024-01-11 14:26:46,430 - coverfox -INFO - Click on next button 
2024-01-11 14:26:46,507 - coverfox -INFO - Entering pin code 
2024-01-11 14:28:59,458 - coverfox -INFO - launching browser 
2024-01-11 14:29:04,490 - coverfox -INFO - Click on gender button 
2024-01-11 14:29:05,261 - coverfox -INFO - Click on Next button 
2024-01-11 14:29:05,826 - coverfox -INFO - handeling dropDown 
2024-01-11 14:29:06,618 - coverfox -INFO - Click on next button 
2024-01-11 14:29:06,676 - coverfox -INFO - Entering pin code 
2024-01-11 14:29:07,656 - coverfox -INFO - entering mobile number 
2024-01-11 14:29:07,833 - coverfox -INFO - Click on continue button 
2024-01-11 14:29:07,919 - coverfox -INFO - Click on filter button 
2024-01-11 14:29:13,071 - coverfox -INFO - Click on checkBox 
2024-01-11 14:29:13,682 - coverfox -INFO - Click on apply button 
2024-01-11 14:29:21,346 - coverfox -INFO - Fetching result or adity birla from text 
2024-01-11 14:29:28,406 - coverfox -INFO - Fetching result of aditya birla from banners 
2024-01-11 14:29:38,439 - coverfox -INFO - TC2 is pass 
2024-01-12 13:18:02,150 - coverfox -INFO - launching browser 
2024-01-12 13:18:08,952 - coverfox -INFO - Click on gender button 
2024-01-12 13:18:09,576 - coverfox -INFO - Click on Next button 
2024-01-12 13:18:10,215 - coverfox -INFO - handeling dropDown 
2024-01-12 13:18:11,213 - coverfox -INFO - Click on next button 
2024-01-12 13:18:11,305 - coverfox -INFO - Entering pin code 
2024-01-12 13:18:12,629 - coverfox -INFO - entering mobile number 
2024-01-12 13:18:12,765 - coverfox -INFO - Click on continue button 
2024-01-12 13:18:12,845 - coverfox -INFO - Click on filter button 
2024-01-12 13:18:17,957 - coverfox -INFO - Click on checkBox 
2024-01-12 13:18:18,558 - coverfox -INFO - Click on apply button 
2024-01-12 13:18:26,246 - coverfox -INFO - Fetching result or adity birla from text 
2024-01-12 13:18:33,305 - coverfox -INFO - Fetching result of aditya birla from banners 
2024-01-12 13:18:43,346 - coverfox -INFO - TC2 is pass 
